C51 COMPILER V9.57.0.0   LCD                                                               05/09/2019 13:42:09 PAGE 1   


C51 COMPILER V9.57.0.0, COMPILATION OF MODULE LCD
OBJECT MODULE PLACED IN .\Objects\lcd.obj
COMPILER INVOKED BY: C:\Keil_v5\C51\BIN\C51.EXE lcd.c OPTIMIZE(8,SPEED) BROWSE DEBUG OBJECTEXTEND PRINT(.\Listings\lcd.l
                    -st) TABS(2) OBJECT(.\Objects\lcd.obj)

line level    source

   1          #include<reg51.h>
   2          #include"prototype.h"
   3          
   4          sbit en=P0^3;
   5          sbit rs=P0^2;
   6          
   7          void display_data(char var)
   8          {
   9   1         P2=var;
  10   1         rs=1;
  11   1         en=1;
  12   1         delay1();
  13   1         en=0;
  14   1         delay1();
  15   1      }
  16          
  17          void display_cmd(char var)
  18          {
  19   1        P2=var;
  20   1        rs=0;
  21   1        en=1;
  22   1        delay1(); 
  23   1        en=0;
  24   1        delay1();
  25   1      }
  26          
  27          void delay1(void)
  28          {
  29   1        int i;
  30   1        for(i=0;i<10;i++);
  31   1      }
  32          
  33          
  34          
  35          void lcd_init(void)
  36          {
  37   1        display_cmd(0x38); 
  38   1        display_cmd(0x01);
  39   1        display_cmd(0x80);
  40   1        
  41   1          display_cmd(0x0E);
  42   1        
  43   1        
  44   1      
  45   1      }
  46          void print_lcd(char *ptr)
  47          {
  48   1        while(*ptr != '\0')
  49   1        {
  50   2          display_data(*ptr);
  51   2          ptr++;
  52   2        }
  53   1      } 
  54          
C51 COMPILER V9.57.0.0   LCD                                                               05/09/2019 13:42:09 PAGE 2   



MODULE INFORMATION:   STATIC OVERLAYABLE
   CODE SIZE        =     98    ----
   CONSTANT SIZE    =   ----    ----
   XDATA SIZE       =   ----    ----
   PDATA SIZE       =   ----    ----
   DATA SIZE        =   ----       3
   IDATA SIZE       =   ----    ----
   BIT SIZE         =   ----    ----
END OF MODULE INFORMATION.


C51 COMPILATION COMPLETE.  0 WARNING(S),  0 ERROR(S)
