C51 COMPILER V9.57.0.0   LCD_DISPLAY                                                       05/09/2019 11:22:47 PAGE 1   


C51 COMPILER V9.57.0.0, COMPILATION OF MODULE LCD_DISPLAY
OBJECT MODULE PLACED IN .\Objects\LCD display.obj
COMPILER INVOKED BY: C:\Keil_v5\C51\BIN\C51.EXE LCD display.c OPTIMIZE(8,SPEED) BROWSE DEBUG OBJECTEXTEND PRINT(.\Listin
                    -gs\LCD display.lst) TABS(2) OBJECT(.\Objects\LCD display.obj)

line level    source

   1          #include<reg51.h>
   2          
   3          sbit EN=P0^3;  
   4          sbit RS=P0^2;
   5          
   6          void lcdPrint(char *ptr);
   7          void lcdInit(void);
   8          void delay(void);
   9          void lcdData(char var);
  10          void lcdCmd(char var);
  11          
  12          void main()
  13          {
  14   1          lcdInit();
  15   1          lcdCmd(0x85);  /* to display in first line */
  16   1          lcdPrint("hello");
  17   1          delay();
  18   1          lcdCmd(0xC3);   /* to display in second line */
  19   1          lcdPrint("banglore");
  20   1          while(1);
  21   1      }
  22          
  23          void lcdInit(void)
  24          {
  25   1        lcdCmd(0x38);
  26   1        lcdCmd(0x01);
  27   1        lcdCmd(0x80);
  28   1        lcdCmd(0x0E);
  29   1      }
  30          
  31          void lcdData(char var)
  32          {
  33   1         P2=var;
  34   1         RS=1;
  35   1         EN=1;
  36   1         delay();
  37   1         EN=0;
  38   1         delay();
  39   1      }
  40          
  41          void lcdCmd(char var)
  42          {
  43   1         P2=var;
  44   1         RS=0;
  45   1         EN=1;
  46   1         delay();
  47   1         EN=0;
  48   1         delay();
  49   1      }
  50          
  51          void delay(void)
  52          {
  53   1         int i;
  54   1         for(i=0;i<500;i++);
C51 COMPILER V9.57.0.0   LCD_DISPLAY                                                       05/09/2019 11:22:47 PAGE 2   

  55   1      }
  56          
  57          void lcdPrint(char *ptr)
  58          {
  59   1        while(*ptr != '\0')
  60   1        {
  61   2           lcdData(*ptr);
  62   2           ptr++;
  63   2        }
  64   1      } 


MODULE INFORMATION:   STATIC OVERLAYABLE
   CODE SIZE        =    134    ----
   CONSTANT SIZE    =     15    ----
   XDATA SIZE       =   ----    ----
   PDATA SIZE       =   ----    ----
   DATA SIZE        =   ----       3
   IDATA SIZE       =   ----    ----
   BIT SIZE         =   ----    ----
END OF MODULE INFORMATION.


C51 COMPILATION COMPLETE.  0 WARNING(S),  0 ERROR(S)
