C51 COMPILER V9.57.0.0   I2C_EX2                                                           01/29/2019 10:37:33 PAGE 1   


C51 COMPILER V9.57.0.0, COMPILATION OF MODULE I2C_EX2
OBJECT MODULE PLACED IN .\Objects\I2C_EX2.obj
COMPILER INVOKED BY: C:\Keil_v5\C51\BIN\C51.EXE I2C_EX2.c OPTIMIZE(8,SPEED) BROWSE DEBUG OBJECTEXTEND PRINT(.\Listings\I
                    -2C_EX2.lst) TABS(2) OBJECT(.\Objects\I2C_EX2.obj)

line level    source

   1          #include <reg51.h>
   2          #include "prototype.h"
   3          
   4          
   5          sbit SDA=P0^1;
   6          sbit SCL=P0^0;
   7          
   8          
   9          
  10          
  11          
  12          //sbit AM=0;
  13          //sbit PM=1;
  14          
  15          char display_ampm(char hr)
  16          {
  17   1        char hr2,ampm1;
  18   1        hr2=hr & 0x1f;
  19   1        ampm1=hr & 0x20;
  20   1        if(ampm1 == 0x20)
  21   1          {
  22   2            lcd_data('a');
  23   2          }
  24   1        else if(ampm1 == 0x00)
  25   1          {
  26   2            
  27   2            lcd_data('p');
  28   2          }
  29   1        lcd_data('m');
  30   1        return hr2;
  31   1      }
  32          void i2c_stop(void)
  33          {
  34   1        SDA=0;
  35   1        SCL=1;
  36   1        delay();
  37   1        SDA=1;
  38   1        delay();
  39   1        SCL=0;
  40   1      }
  41          
  42          
  43          
  44          char readi2c(void)
  45          {
  46   1        char k,temp=0;
  47   1        for(k=0;k<8;k++)
  48   1        {
  49   2          temp=temp<<1;
  50   2          temp=temp | SDA;
  51   2          SCL=1;
  52   2          delay();
  53   2          SCL=0;
  54   2          
C51 COMPILER V9.57.0.0   I2C_EX2                                                           01/29/2019 10:37:33 PAGE 2   

  55   2        }
  56   1        return temp;
  57   1      }
  58          char sendi2c(char var)
  59          {
  60   1        int j;
  61   1        for(j=0;j<8;j++)
  62   1        {
  63   2            SDA=((var<<j)& 0x80);
  64   2            SCL=1;
  65   2            delay1();
  66   2            SCL=0;
  67   2        }
  68   1         SDA=1;
  69   1         SCL=1;
  70   1         delay();
  71   1         SCL=0;
  72   1        if(SDA==0)
  73   1          return SDA;
  74   1            else
  75   1        return SDA;
  76   1      }
  77          void startbit(void)
  78          {
  79   1        SDA=1;
  80   1        SCL=1;
  81   1        delay1();
  82   1        SDA=0;
  83   1        delay1();
  84   1        SCL=0;  
  85   1      }
  86          void stopbit(void)
  87          {
  88   1        SDA=0;
  89   1        SCL=1;
  90   1        delay1();
  91   1        SDA=1;
  92   1        delay1();
  93   1        SCL=0;
  94   1      }
  95          
  96          void delay1(void)
  97          {
  98   1        int i;
  99   1        for(i=0;i<300;i++);
 100   1      }
 101          char bcd_dec(char var)
 102          {
 103   1          char temp1=0,temp2=0;
 104   1          temp1=var & 0xf0;
 105   1          temp1=temp1>>4;
 106   1          temp2=var & 0x0f;
 107   1          temp1=(temp1*10)+temp2;
 108   1          return temp1;
 109   1      }
 110          void nack(void)
 111          {
 112   1        SDA=0;
 113   1        SCL=1;
 114   1        delay();
 115   1        SCL=0;
 116   1      }
C51 COMPILER V9.57.0.0   I2C_EX2                                                           01/29/2019 10:37:33 PAGE 3   

 117          char dec_bcd(char dec)
 118          {
 119   1        return( (dec/10*16) + (dec%10) );
 120   1      }
 121          void lcd_digit(char var)
 122          {
 123   1          char temp;
 124   1          temp=var/10;
 125   1          temp=48+temp;
 126   1          lcd_data(temp);
 127   1          temp=var%10;
 128   1          temp=48+temp;
 129   1          lcd_data(temp);
 130   1      }
 131          void readack(void)
 132          {
 133   1        SDA=0;
 134   1        SCL=1;
 135   1        delay();
 136   1        SCL=0;
 137   1        delay();
 138   1        SDA=1;
 139   1      }
 140          void display_date(char date, char month, char year, char day)
 141          {
 142   1        lcd_cmd(0xc0);
 143   1        print_lcd("Date:");
 144   1      
 145   1        switch(day)
 146   1          {
 147   2            case 0x00: print_lcd("su"); break;
 148   2            case 0x01: print_lcd("mn"); break;
 149   2            case 0x02: print_lcd("tu"); break;
 150   2            case 0x03: print_lcd("we"); break;
 151   2            case 0x04: print_lcd("th"); break;
 152   2            case 0x05: print_lcd("fr"); break;
 153   2            case 0x06: print_lcd("sa"); break;
 154   2            default: break;
 155   2          }
 156   1          //set_curs(2,5);
 157   1          lcd_cmd(0x80);
 158   1          lcd_digit(bcd_dec(date));
 159   1          lcd_data('/');
 160   1          lcd_digit(bcd_dec(month));
 161   1          lcd_data('/');    
 162   1          lcd_digit(bcd_dec(year));   
 163   1      }
 164          void read_date(void)
 165          {
 166   1        char day,date,month,year;
 167   1        startbit();
 168   1        sendi2c(0xD0);
 169   1        sendi2c(0x03);
 170   1        startbit();
 171   1        sendi2c(0xD1);
 172   1        day=readi2c();
 173   1        readack();
 174   1        date=readi2c();
 175   1        readack();
 176   1        month=readi2c();
 177   1        readack();
 178   1        year=readi2c();
C51 COMPILER V9.57.0.0   I2C_EX2                                                           01/29/2019 10:37:33 PAGE 4   

 179   1        //i2c_nack(); 
 180   1        //i2c_stop(); 
 181   1        display_date(date, month, year, day);
 182   1      }
 183          
 184          void set_date(char day, char date, char month, char year)
 185          {
 186   1        startbit();
 187   1        sendi2c(0xD0);
 188   1      sendi2c(0x03);
 189   1        sendi2c(day & 0x07);
 190   1        sendi2c(dec_bcd(date) & 0x3f);
 191   1        sendi2c(dec_bcd(month) & 0x1f);
 192   1        sendi2c(dec_bcd(year) & 0xff);
 193   1        i2c_stop();
 194   1      }
 195          
 196          


MODULE INFORMATION:   STATIC OVERLAYABLE
   CODE SIZE        =    586    ----
   CONSTANT SIZE    =     27    ----
   XDATA SIZE       =   ----    ----
   PDATA SIZE       =   ----    ----
   DATA SIZE        =   ----      19
   IDATA SIZE       =   ----    ----
   BIT SIZE         =   ----    ----
END OF MODULE INFORMATION.


C51 COMPILATION COMPLETE.  0 WARNING(S),  0 ERROR(S)
