C51 COMPILER V9.57.0.0   LCD                                                               05/09/2019 13:33:24 PAGE 1   


C51 COMPILER V9.57.0.0, COMPILATION OF MODULE LCD
OBJECT MODULE PLACED IN .\Objects\lcd.obj
COMPILER INVOKED BY: C:\Keil_v5\C51\BIN\C51.EXE lcd.c OPTIMIZE(8,SPEED) BROWSE DEBUG OBJECTEXTEND PRINT(.\Listings\lcd.l
                    -st) TABS(2) OBJECT(.\Objects\lcd.obj)

line level    source

   1          #include<reg51.h>
   2          #include "prototype.h"
   3          
   4          sbit EN=P0^3;  
   5          sbit RS=P0^2;
   6          
   7          void lcdData(char var)
   8          {
   9   1         P2=var;
  10   1         RS=1;
  11   1         EN=1;
  12   1         delay();
  13   1         EN=0;
  14   1         delay();
  15   1      }
  16          
  17          void lcdCmd(char var)
  18          {
  19   1         P2=var;
  20   1         RS=0;
  21   1         EN=1;
  22   1         delay();
  23   1         EN=0;
  24   1         delay();
  25   1      }
  26          
  27          void lcdInit(void)
  28          {
  29   1        lcdCmd(0x38);
  30   1        lcdCmd(0x01);
  31   1        lcdCmd(0x80);
  32   1        lcdCmd(0x0E);
  33   1      }
  34          
  35          void lcdPrint(char *ptr)
  36          {
  37   1        while(*ptr != '\0')
  38   1        {
  39   2           lcdData(*ptr);
  40   2           ptr++;
  41   2        }
  42   1      } 
  43          void delay(void)
  44          {
  45   1         int i;
  46   1         for(i=0;i<50;i++);
  47   1      }
  48          void delay1(void)
  49          {
  50   1        int i;
  51   1        for(i=0;i<500;i++);
  52   1      }


C51 COMPILER V9.57.0.0   LCD                                                               05/09/2019 13:33:24 PAGE 2   

MODULE INFORMATION:   STATIC OVERLAYABLE
   CODE SIZE        =    113    ----
   CONSTANT SIZE    =   ----    ----
   XDATA SIZE       =   ----    ----
   PDATA SIZE       =   ----    ----
   DATA SIZE        =   ----       3
   IDATA SIZE       =   ----    ----
   BIT SIZE         =   ----    ----
END OF MODULE INFORMATION.


C51 COMPILATION COMPLETE.  0 WARNING(S),  0 ERROR(S)
