C51 COMPILER V9.57.0.0   UART                                                              01/29/2019 10:37:33 PAGE 1   


C51 COMPILER V9.57.0.0, COMPILATION OF MODULE UART
OBJECT MODULE PLACED IN .\Objects\uart.obj
COMPILER INVOKED BY: C:\Keil_v5\C51\BIN\C51.EXE uart.c OPTIMIZE(8,SPEED) BROWSE DEBUG OBJECTEXTEND PRINT(.\Listings\uart
                    -.lst) TABS(2) OBJECT(.\Objects\uart.obj)

line level    source

   1          #include<reg51.h>
   2          #include "prototype.h"
   3          
   4          
   5          void uart_init(void)
   6          {
   7   1      SCON=0X50;
   8   1      TMOD=0X02;
   9   1      TL0=0xfd;
  10   1      TH0=0xfd;
  11   1        TR0=1;
  12   1      }
  13          void uart_tx(char var)
  14          {
  15   1      SBUF=var;
  16   1      while(TI==0);
  17   1      TI=0;
  18   1      }
  19          char uart_rx(void)
  20          {
  21   1      while(RI==0);
  22   1      RI=0;
  23   1      return SBUF;
  24   1      }
  25          void uart_print(char *ptr)
  26          {
  27   1        while(*ptr!='\0')
  28   1        {
  29   2          uart_tx(*ptr);
  30   2          //lcd_cmd(0xc0);
  31   2          //lcd_data(*ptr);
  32   2          ptr++;
  33   2        }
  34   1      }
  35              void uart_array(char ptr[30])
  36          {
  37   1        int i=0;
  38   1        for(i=0;i<30;i++)
  39   1        {
  40   2        while(ptr[i]!='\n')
  41   2        {
  42   3          
  43   3          uart_tx(ptr[i]);
  44   3          //lcd_cmd(0xc0);
  45   3          //lcd_data(*ptr);
  46   3          i++;
  47   3        }
  48   2      }
  49   1        }
  50          


MODULE INFORMATION:   STATIC OVERLAYABLE
   CODE SIZE        =    104    ----
C51 COMPILER V9.57.0.0   UART                                                              01/29/2019 10:37:33 PAGE 2   

   CONSTANT SIZE    =   ----    ----
   XDATA SIZE       =   ----    ----
   PDATA SIZE       =   ----    ----
   DATA SIZE        =   ----       3
   IDATA SIZE       =   ----    ----
   BIT SIZE         =   ----    ----
END OF MODULE INFORMATION.


C51 COMPILATION COMPLETE.  0 WARNING(S),  0 ERROR(S)
