C51 COMPILER V9.57.0.0   LCD                                                               12/18/2018 11:02:45 PAGE 1   


C51 COMPILER V9.57.0.0, COMPILATION OF MODULE LCD
OBJECT MODULE PLACED IN .\Objects\lcd.obj
COMPILER INVOKED BY: C:\Keil_v5\C51\BIN\C51.EXE lcd.c OPTIMIZE(8,SPEED) BROWSE DEBUG OBJECTEXTEND PRINT(.\Listings\lcd.l
                    -st) TABS(2) OBJECT(.\Objects\lcd.obj)

line level    source

   1          #include<reg51.h>
   2          void delay(void);
   3          
   4          
   5          
   6          void main()
   7          {
   8   1        while(1)
   9   1      {
  10   2      P2 =0xff;
  11   2      delay();
  12   2      P2 =0x00;
  13   2      delay();
  14   2        
  15   2      }
  16   1      
  17   1      }
  18          
  19          void delay(void)
  20          {
  21   1      int i;
  22   1      for(i=0;i<20000;i++);
  23   1      }


MODULE INFORMATION:   STATIC OVERLAYABLE
   CODE SIZE        =     29    ----
   CONSTANT SIZE    =   ----    ----
   XDATA SIZE       =   ----    ----
   PDATA SIZE       =   ----    ----
   DATA SIZE        =   ----    ----
   IDATA SIZE       =   ----    ----
   BIT SIZE         =   ----    ----
END OF MODULE INFORMATION.


C51 COMPILATION COMPLETE.  0 WARNING(S),  0 ERROR(S)
