C51 COMPILER V9.57.0.0   LED                                                               05/09/2019 11:49:24 PAGE 1   


C51 COMPILER V9.57.0.0, COMPILATION OF MODULE LED
OBJECT MODULE PLACED IN .\Objects\LED.obj
COMPILER INVOKED BY: C:\Keil_v5\C51\BIN\C51.EXE LED.c OPTIMIZE(8,SPEED) BROWSE DEBUG OBJECTEXTEND PRINT(.\Listings\LED.l
                    -st) TABS(2) OBJECT(.\Objects\LED.obj)

line level    source

   1          #include<reg51.h>
   2          
   3          void delay(void);
   4          
   5          int main(void)
   6          {  
   7   1        while(1)
   8   1        {
   9   2          P2 = 0x0E;
  10   2          delay();
  11   2          P2 = 0x0D;
  12   2          delay();
  13   2          P2 = 0x0B;
  14   2          delay();
  15   2          P2 = 0x07;
  16   2          delay();
  17   2        }
  18   1      
  19   1      }
  20          
  21          void delay(void)
  22          {
  23   1         int i;
  24   1         for(i=0;i<20000;i++);
  25   1      }


MODULE INFORMATION:   STATIC OVERLAYABLE
   CODE SIZE        =     41    ----
   CONSTANT SIZE    =   ----    ----
   XDATA SIZE       =   ----    ----
   PDATA SIZE       =   ----    ----
   DATA SIZE        =   ----    ----
   IDATA SIZE       =   ----    ----
   BIT SIZE         =   ----    ----
END OF MODULE INFORMATION.


C51 COMPILATION COMPLETE.  0 WARNING(S),  0 ERROR(S)
