C51 COMPILER V9.57.0.0   LCD                                                               05/09/2019 12:42:24 PAGE 1   


C51 COMPILER V9.57.0.0, COMPILATION OF MODULE LCD
OBJECT MODULE PLACED IN .\Objects\lcd.obj
COMPILER INVOKED BY: C:\Keil_v5\C51\BIN\C51.EXE lcd.c OPTIMIZE(8,SPEED) BROWSE DEBUG OBJECTEXTEND PRINT(.\Listings\lcd.l
                    -st) TABS(2) OBJECT(.\Objects\lcd.obj)

line level    source

   1          #include<reg51.h>
   2          #include "prototype.h"
   3          
   4          sbit EN=P0^3;  
   5          sbit RS=P0^2;
   6          
   7          void delay(void)
   8          {
   9   1         int i;
  10   1         for(i=0;i<500;i++);
  11   1      }
  12          
  13          void lcdData(char var)
  14          {
  15   1         P2=var;
  16   1         RS=1;
  17   1         EN=1;
  18   1         delay();
  19   1         EN=0;
  20   1         delay();
  21   1      }
  22          
  23          void lcdCmd(char var)
  24          {
  25   1         P2=var;
  26   1         RS=0;
  27   1         EN=1;
  28   1         delay();
  29   1         EN=0;
  30   1         delay();
  31   1      }
  32          
  33          void lcdInit(void)
  34          {
  35   1        lcdCmd(0x38);
  36   1        lcdCmd(0x01);
  37   1        lcdCmd(0x80);
  38   1        lcdCmd(0x0E);
  39   1      }
  40          
  41          void lcdPrint(char *ptr)
  42          {
  43   1        while(*ptr != '\0')
  44   1        {
  45   2           lcdData(*ptr);
  46   2           ptr++;
  47   2        }
  48   1      } 


MODULE INFORMATION:   STATIC OVERLAYABLE
   CODE SIZE        =     82    ----
   CONSTANT SIZE    =   ----    ----
   XDATA SIZE       =   ----    ----
C51 COMPILER V9.57.0.0   LCD                                                               05/09/2019 12:42:24 PAGE 2   

   PDATA SIZE       =   ----    ----
   DATA SIZE        =   ----    ----
   IDATA SIZE       =   ----    ----
   BIT SIZE         =   ----    ----
END OF MODULE INFORMATION.


C51 COMPILATION COMPLETE.  0 WARNING(S),  0 ERROR(S)
