C51 COMPILER V9.57.0.0   SW                                                                05/09/2019 11:53:28 PAGE 1   


C51 COMPILER V9.57.0.0, COMPILATION OF MODULE SW
OBJECT MODULE PLACED IN .\Objects\sw.obj
COMPILER INVOKED BY: C:\Keil_v5\C51\BIN\C51.EXE sw.c OPTIMIZE(8,SPEED) BROWSE DEBUG OBJECTEXTEND PRINT(.\Listings\sw.lst
                    -) TABS(2) OBJECT(.\Objects\sw.obj)

line level    source

   1          #include<reg51.h>
   2          
   3          sbit LED=P0^1;
   4          sbit SW=P0^2;
   5          
   6          void delay(void);
   7          
   8          void main()
   9          {
  10   1        if(SW==0)
  11   1        {
  12   2           LED = 0;
  13   2           delay();
  14   2        }
  15   1        else 
  16   1        {
  17   2          LED = 1;
  18   2          delay();
  19   2        }
  20   1      }
  21          
  22          void delay(void)
  23          {
  24   1        int i=0;
  25   1        for(i=0;i<=30000;i++);
  26   1      }


MODULE INFORMATION:   STATIC OVERLAYABLE
   CODE SIZE        =     28    ----
   CONSTANT SIZE    =   ----    ----
   XDATA SIZE       =   ----    ----
   PDATA SIZE       =   ----    ----
   DATA SIZE        =   ----    ----
   IDATA SIZE       =   ----    ----
   BIT SIZE         =   ----    ----
END OF MODULE INFORMATION.


C51 COMPILATION COMPLETE.  0 WARNING(S),  0 ERROR(S)
